-- MySQL dump 10.13  Distrib 5.6.21, for osx10.8 (x86_64)
--
-- Host: localhost    Database: rockletonfortune
-- ------------------------------------------------------
-- Server version	5.6.21

/*!40101 SET @OLD_CHARACTER_SET_CLIENT=@@CHARACTER_SET_CLIENT */;
/*!40101 SET @OLD_CHARACTER_SET_RESULTS=@@CHARACTER_SET_RESULTS */;
/*!40101 SET @OLD_COLLATION_CONNECTION=@@COLLATION_CONNECTION */;
/*!40101 SET NAMES utf8 */;
/*!40103 SET @OLD_TIME_ZONE=@@TIME_ZONE */;
/*!40103 SET TIME_ZONE='+00:00' */;
/*!40014 SET @OLD_UNIQUE_CHECKS=@@UNIQUE_CHECKS, UNIQUE_CHECKS=0 */;
/*!40014 SET @OLD_FOREIGN_KEY_CHECKS=@@FOREIGN_KEY_CHECKS, FOREIGN_KEY_CHECKS=0 */;
/*!40101 SET @OLD_SQL_MODE=@@SQL_MODE, SQL_MODE='NO_AUTO_VALUE_ON_ZERO' */;
/*!40111 SET @OLD_SQL_NOTES=@@SQL_NOTES, SQL_NOTES=0 */;

--
-- Table structure for table `auth_group`
--

DROP TABLE IF EXISTS `auth_group`;
/*!40101 SET @saved_cs_client     = @@character_set_client */;
/*!40101 SET character_set_client = utf8 */;
CREATE TABLE `auth_group` (
  `id` int(11) NOT NULL AUTO_INCREMENT,
  `name` varchar(80) NOT NULL,
  PRIMARY KEY (`id`),
  UNIQUE KEY `name` (`name`)
) ENGINE=InnoDB DEFAULT CHARSET=utf8;
/*!40101 SET character_set_client = @saved_cs_client */;

--
-- Dumping data for table `auth_group`
--

LOCK TABLES `auth_group` WRITE;
/*!40000 ALTER TABLE `auth_group` DISABLE KEYS */;
/*!40000 ALTER TABLE `auth_group` ENABLE KEYS */;
UNLOCK TABLES;

--
-- Table structure for table `auth_group_permissions`
--

DROP TABLE IF EXISTS `auth_group_permissions`;
/*!40101 SET @saved_cs_client     = @@character_set_client */;
/*!40101 SET character_set_client = utf8 */;
CREATE TABLE `auth_group_permissions` (
  `id` int(11) NOT NULL AUTO_INCREMENT,
  `group_id` int(11) NOT NULL,
  `permission_id` int(11) NOT NULL,
  PRIMARY KEY (`id`),
  UNIQUE KEY `auth_group_permissions_group_id_0cd325b0_uniq` (`group_id`,`permission_id`),
  KEY `auth_group_permissi_permission_id_84c5c92e_fk_auth_permission_id` (`permission_id`),
  CONSTRAINT `auth_group_permissi_permission_id_84c5c92e_fk_auth_permission_id` FOREIGN KEY (`permission_id`) REFERENCES `auth_permission` (`id`),
  CONSTRAINT `auth_group_permissions_group_id_b120cbf9_fk_auth_group_id` FOREIGN KEY (`group_id`) REFERENCES `auth_group` (`id`)
) ENGINE=InnoDB DEFAULT CHARSET=utf8;
/*!40101 SET character_set_client = @saved_cs_client */;

--
-- Dumping data for table `auth_group_permissions`
--

LOCK TABLES `auth_group_permissions` WRITE;
/*!40000 ALTER TABLE `auth_group_permissions` DISABLE KEYS */;
/*!40000 ALTER TABLE `auth_group_permissions` ENABLE KEYS */;
UNLOCK TABLES;

--
-- Table structure for table `auth_permission`
--

DROP TABLE IF EXISTS `auth_permission`;
/*!40101 SET @saved_cs_client     = @@character_set_client */;
/*!40101 SET character_set_client = utf8 */;
CREATE TABLE `auth_permission` (
  `id` int(11) NOT NULL AUTO_INCREMENT,
  `name` varchar(255) NOT NULL,
  `content_type_id` int(11) NOT NULL,
  `codename` varchar(100) NOT NULL,
  PRIMARY KEY (`id`),
  UNIQUE KEY `auth_permission_content_type_id_01ab375a_uniq` (`content_type_id`,`codename`),
  CONSTRAINT `auth_permissi_content_type_id_2f476e4b_fk_django_content_type_id` FOREIGN KEY (`content_type_id`) REFERENCES `django_content_type` (`id`)
) ENGINE=InnoDB AUTO_INCREMENT=55 DEFAULT CHARSET=utf8;
/*!40101 SET character_set_client = @saved_cs_client */;

--
-- Dumping data for table `auth_permission`
--

LOCK TABLES `auth_permission` WRITE;
/*!40000 ALTER TABLE `auth_permission` DISABLE KEYS */;
INSERT INTO `auth_permission` VALUES (1,'Can add log entry',1,'add_logentry'),(2,'Can change log entry',1,'change_logentry'),(3,'Can delete log entry',1,'delete_logentry'),(4,'Can add permission',2,'add_permission'),(5,'Can change permission',2,'change_permission'),(6,'Can delete permission',2,'delete_permission'),(7,'Can add group',3,'add_group'),(8,'Can change group',3,'change_group'),(9,'Can delete group',3,'delete_group'),(10,'Can add user',4,'add_user'),(11,'Can change user',4,'change_user'),(12,'Can delete user',4,'delete_user'),(13,'Can add content type',5,'add_contenttype'),(14,'Can change content type',5,'change_contenttype'),(15,'Can delete content type',5,'delete_contenttype'),(16,'Can add session',6,'add_session'),(17,'Can change session',6,'change_session'),(18,'Can delete session',6,'delete_session'),(19,'Can add question',7,'add_question'),(20,'Can change question',7,'change_question'),(21,'Can delete question',7,'delete_question'),(22,'Can add choice',8,'add_choice'),(23,'Can change choice',8,'change_choice'),(24,'Can delete choice',8,'delete_choice'),(25,'Can add rockleton',9,'add_rockleton'),(26,'Can change rockleton',9,'change_rockleton'),(27,'Can delete rockleton',9,'delete_rockleton'),(28,'Can add primary_ category_ bucket',10,'add_primary_category_bucket'),(29,'Can change primary_ category_ bucket',10,'change_primary_category_bucket'),(30,'Can delete primary_ category_ bucket',10,'delete_primary_category_bucket'),(31,'Can add primary_ category',11,'add_primary_category'),(32,'Can change primary_ category',11,'change_primary_category'),(33,'Can delete primary_ category',11,'delete_primary_category'),(34,'Can add secondary_ category',12,'add_secondary_category'),(35,'Can change secondary_ category',12,'change_secondary_category'),(36,'Can delete secondary_ category',12,'delete_secondary_category'),(37,'Can add source_ category',13,'add_source_category'),(38,'Can change source_ category',13,'change_source_category'),(39,'Can delete source_ category',13,'delete_source_category'),(40,'Can add source',14,'add_source'),(41,'Can change source',14,'change_source'),(42,'Can delete source',14,'delete_source'),(43,'Can add budget',15,'add_budget'),(44,'Can change budget',15,'change_budget'),(45,'Can delete budget',15,'delete_budget'),(46,'Can add transaction',16,'add_transaction'),(47,'Can change transaction',16,'change_transaction'),(48,'Can delete transaction',16,'delete_transaction'),(49,'Can add transaction_ import',17,'add_transaction_import'),(50,'Can change transaction_ import',17,'change_transaction_import'),(51,'Can delete transaction_ import',17,'delete_transaction_import'),(52,'Can add bck grnd_ clcs',18,'add_bckgrnd_clcs'),(53,'Can change bck grnd_ clcs',18,'change_bckgrnd_clcs'),(54,'Can delete bck grnd_ clcs',18,'delete_bckgrnd_clcs');
/*!40000 ALTER TABLE `auth_permission` ENABLE KEYS */;
UNLOCK TABLES;

--
-- Table structure for table `auth_user`
--

DROP TABLE IF EXISTS `auth_user`;
/*!40101 SET @saved_cs_client     = @@character_set_client */;
/*!40101 SET character_set_client = utf8 */;
CREATE TABLE `auth_user` (
  `id` int(11) NOT NULL AUTO_INCREMENT,
  `password` varchar(128) NOT NULL,
  `last_login` datetime(6) DEFAULT NULL,
  `is_superuser` tinyint(1) NOT NULL,
  `username` varchar(30) NOT NULL,
  `first_name` varchar(30) NOT NULL,
  `last_name` varchar(30) NOT NULL,
  `email` varchar(254) NOT NULL,
  `is_staff` tinyint(1) NOT NULL,
  `is_active` tinyint(1) NOT NULL,
  `date_joined` datetime(6) NOT NULL,
  PRIMARY KEY (`id`),
  UNIQUE KEY `username` (`username`)
) ENGINE=InnoDB AUTO_INCREMENT=2 DEFAULT CHARSET=utf8;
/*!40101 SET character_set_client = @saved_cs_client */;

--
-- Dumping data for table `auth_user`
--

LOCK TABLES `auth_user` WRITE;
/*!40000 ALTER TABLE `auth_user` DISABLE KEYS */;
INSERT INTO `auth_user` VALUES (1,'pbkdf2_sha256$24000$969lDrTJLPPY$CBri80i56Ni/gGQGITgYw3CX06J+UfEh6XPnnlR31U8=','2016-05-07 21:45:26.307096',1,'edrogers','','','edmund.rogers@gmail.com',1,1,'2016-05-07 02:17:31.886020');
/*!40000 ALTER TABLE `auth_user` ENABLE KEYS */;
UNLOCK TABLES;

--
-- Table structure for table `auth_user_groups`
--

DROP TABLE IF EXISTS `auth_user_groups`;
/*!40101 SET @saved_cs_client     = @@character_set_client */;
/*!40101 SET character_set_client = utf8 */;
CREATE TABLE `auth_user_groups` (
  `id` int(11) NOT NULL AUTO_INCREMENT,
  `user_id` int(11) NOT NULL,
  `group_id` int(11) NOT NULL,
  PRIMARY KEY (`id`),
  UNIQUE KEY `auth_user_groups_user_id_94350c0c_uniq` (`user_id`,`group_id`),
  KEY `auth_user_groups_group_id_97559544_fk_auth_group_id` (`group_id`),
  CONSTRAINT `auth_user_groups_group_id_97559544_fk_auth_group_id` FOREIGN KEY (`group_id`) REFERENCES `auth_group` (`id`),
  CONSTRAINT `auth_user_groups_user_id_6a12ed8b_fk_auth_user_id` FOREIGN KEY (`user_id`) REFERENCES `auth_user` (`id`)
) ENGINE=InnoDB DEFAULT CHARSET=utf8;
/*!40101 SET character_set_client = @saved_cs_client */;

--
-- Dumping data for table `auth_user_groups`
--

LOCK TABLES `auth_user_groups` WRITE;
/*!40000 ALTER TABLE `auth_user_groups` DISABLE KEYS */;
/*!40000 ALTER TABLE `auth_user_groups` ENABLE KEYS */;
UNLOCK TABLES;

--
-- Table structure for table `auth_user_user_permissions`
--

DROP TABLE IF EXISTS `auth_user_user_permissions`;
/*!40101 SET @saved_cs_client     = @@character_set_client */;
/*!40101 SET character_set_client = utf8 */;
CREATE TABLE `auth_user_user_permissions` (
  `id` int(11) NOT NULL AUTO_INCREMENT,
  `user_id` int(11) NOT NULL,
  `permission_id` int(11) NOT NULL,
  PRIMARY KEY (`id`),
  UNIQUE KEY `auth_user_user_permissions_user_id_14a6b632_uniq` (`user_id`,`permission_id`),
  KEY `auth_user_user_perm_permission_id_1fbb5f2c_fk_auth_permission_id` (`permission_id`),
  CONSTRAINT `auth_user_user_perm_permission_id_1fbb5f2c_fk_auth_permission_id` FOREIGN KEY (`permission_id`) REFERENCES `auth_permission` (`id`),
  CONSTRAINT `auth_user_user_permissions_user_id_a95ead1b_fk_auth_user_id` FOREIGN KEY (`user_id`) REFERENCES `auth_user` (`id`)
) ENGINE=InnoDB DEFAULT CHARSET=utf8;
/*!40101 SET character_set_client = @saved_cs_client */;

--
-- Dumping data for table `auth_user_user_permissions`
--

LOCK TABLES `auth_user_user_permissions` WRITE;
/*!40000 ALTER TABLE `auth_user_user_permissions` DISABLE KEYS */;
/*!40000 ALTER TABLE `auth_user_user_permissions` ENABLE KEYS */;
UNLOCK TABLES;

--
-- Table structure for table `django_admin_log`
--

DROP TABLE IF EXISTS `django_admin_log`;
/*!40101 SET @saved_cs_client     = @@character_set_client */;
/*!40101 SET character_set_client = utf8 */;
CREATE TABLE `django_admin_log` (
  `id` int(11) NOT NULL AUTO_INCREMENT,
  `action_time` datetime(6) NOT NULL,
  `object_id` longtext,
  `object_repr` varchar(200) NOT NULL,
  `action_flag` smallint(5) unsigned NOT NULL,
  `change_message` longtext NOT NULL,
  `content_type_id` int(11) DEFAULT NULL,
  `user_id` int(11) NOT NULL,
  PRIMARY KEY (`id`),
  KEY `django_admin__content_type_id_c4bce8eb_fk_django_content_type_id` (`content_type_id`),
  KEY `django_admin_log_user_id_c564eba6_fk_auth_user_id` (`user_id`),
  CONSTRAINT `django_admin__content_type_id_c4bce8eb_fk_django_content_type_id` FOREIGN KEY (`content_type_id`) REFERENCES `django_content_type` (`id`),
  CONSTRAINT `django_admin_log_user_id_c564eba6_fk_auth_user_id` FOREIGN KEY (`user_id`) REFERENCES `auth_user` (`id`)
) ENGINE=InnoDB DEFAULT CHARSET=utf8;
/*!40101 SET character_set_client = @saved_cs_client */;

--
-- Dumping data for table `django_admin_log`
--

LOCK TABLES `django_admin_log` WRITE;
/*!40000 ALTER TABLE `django_admin_log` DISABLE KEYS */;
/*!40000 ALTER TABLE `django_admin_log` ENABLE KEYS */;
UNLOCK TABLES;

--
-- Table structure for table `django_content_type`
--

DROP TABLE IF EXISTS `django_content_type`;
/*!40101 SET @saved_cs_client     = @@character_set_client */;
/*!40101 SET character_set_client = utf8 */;
CREATE TABLE `django_content_type` (
  `id` int(11) NOT NULL AUTO_INCREMENT,
  `app_label` varchar(100) NOT NULL,
  `model` varchar(100) NOT NULL,
  PRIMARY KEY (`id`),
  UNIQUE KEY `django_content_type_app_label_76bd3d3b_uniq` (`app_label`,`model`)
) ENGINE=InnoDB AUTO_INCREMENT=19 DEFAULT CHARSET=utf8;
/*!40101 SET character_set_client = @saved_cs_client */;

--
-- Dumping data for table `django_content_type`
--

LOCK TABLES `django_content_type` WRITE;
/*!40000 ALTER TABLE `django_content_type` DISABLE KEYS */;
INSERT INTO `django_content_type` VALUES (1,'admin','logentry'),(3,'auth','group'),(2,'auth','permission'),(4,'auth','user'),(5,'contenttypes','contenttype'),(8,'polls','choice'),(7,'polls','question'),(6,'sessions','session'),(18,'zillions','bckgrnd_clcs'),(15,'zillions','budget'),(11,'zillions','primary_category'),(10,'zillions','primary_category_bucket'),(9,'zillions','rockleton'),(12,'zillions','secondary_category'),(14,'zillions','source'),(13,'zillions','source_category'),(16,'zillions','transaction'),(17,'zillions','transaction_import');
/*!40000 ALTER TABLE `django_content_type` ENABLE KEYS */;
UNLOCK TABLES;

--
-- Table structure for table `django_migrations`
--

DROP TABLE IF EXISTS `django_migrations`;
/*!40101 SET @saved_cs_client     = @@character_set_client */;
/*!40101 SET character_set_client = utf8 */;
CREATE TABLE `django_migrations` (
  `id` int(11) NOT NULL AUTO_INCREMENT,
  `app` varchar(255) NOT NULL,
  `name` varchar(255) NOT NULL,
  `applied` datetime(6) NOT NULL,
  PRIMARY KEY (`id`)
) ENGINE=InnoDB AUTO_INCREMENT=15 DEFAULT CHARSET=utf8;
/*!40101 SET character_set_client = @saved_cs_client */;

--
-- Dumping data for table `django_migrations`
--

LOCK TABLES `django_migrations` WRITE;
/*!40000 ALTER TABLE `django_migrations` DISABLE KEYS */;
INSERT INTO `django_migrations` VALUES (1,'contenttypes','0001_initial','2016-05-07 02:11:03.166839'),(2,'auth','0001_initial','2016-05-07 02:11:03.557657'),(3,'admin','0001_initial','2016-05-07 02:11:03.639043'),(4,'admin','0002_logentry_remove_auto_add','2016-05-07 02:11:03.670173'),(5,'contenttypes','0002_remove_content_type_name','2016-05-07 02:11:03.901226'),(6,'auth','0002_alter_permission_name_max_length','2016-05-07 02:11:03.934483'),(7,'auth','0003_alter_user_email_max_length','2016-05-07 02:11:03.970552'),(8,'auth','0004_alter_user_username_opts','2016-05-07 02:11:03.989458'),(9,'auth','0005_alter_user_last_login_null','2016-05-07 02:11:04.032234'),(10,'auth','0006_require_contenttypes_0002','2016-05-07 02:11:04.035972'),(11,'auth','0007_alter_validators_add_error_messages','2016-05-07 02:11:04.052273'),(12,'polls','0001_initial','2016-05-07 02:11:04.157940'),(13,'sessions','0001_initial','2016-05-07 02:11:04.194009'),(14,'zillions','0001_initial','2016-05-07 21:44:27.492480');
/*!40000 ALTER TABLE `django_migrations` ENABLE KEYS */;
UNLOCK TABLES;

--
-- Table structure for table `django_session`
--

DROP TABLE IF EXISTS `django_session`;
/*!40101 SET @saved_cs_client     = @@character_set_client */;
/*!40101 SET character_set_client = utf8 */;
CREATE TABLE `django_session` (
  `session_key` varchar(40) NOT NULL,
  `session_data` longtext NOT NULL,
  `expire_date` datetime(6) NOT NULL,
  PRIMARY KEY (`session_key`),
  KEY `django_session_de54fa62` (`expire_date`)
) ENGINE=InnoDB DEFAULT CHARSET=utf8;
/*!40101 SET character_set_client = @saved_cs_client */;

--
-- Dumping data for table `django_session`
--

LOCK TABLES `django_session` WRITE;
/*!40000 ALTER TABLE `django_session` DISABLE KEYS */;
INSERT INTO `django_session` VALUES ('73zqgqg9q72iha4rxe5ywgccvi7an4o0','N2I5NTNhZDdkY2ZkNGJhYTMxY2ZjNzBkMjc3N2Q3Njc3ZTFmNTM3Mjp7Il9hdXRoX3VzZXJfaGFzaCI6ImNiNTlhZDdiMGFhYTA5N2M2ZjZjYmExZThjZTUzNDQyZmM3NGZjMTAiLCJfYXV0aF91c2VyX2JhY2tlbmQiOiJkamFuZ28uY29udHJpYi5hdXRoLmJhY2tlbmRzLk1vZGVsQmFja2VuZCIsIl9hdXRoX3VzZXJfaWQiOiIxIn0=','2016-05-21 02:17:39.419592'),('e1zi3kn0uzn5yk0hhnq5jvc5wrweg11k','N2I5NTNhZDdkY2ZkNGJhYTMxY2ZjNzBkMjc3N2Q3Njc3ZTFmNTM3Mjp7Il9hdXRoX3VzZXJfaGFzaCI6ImNiNTlhZDdiMGFhYTA5N2M2ZjZjYmExZThjZTUzNDQyZmM3NGZjMTAiLCJfYXV0aF91c2VyX2JhY2tlbmQiOiJkamFuZ28uY29udHJpYi5hdXRoLmJhY2tlbmRzLk1vZGVsQmFja2VuZCIsIl9hdXRoX3VzZXJfaWQiOiIxIn0=','2016-05-21 21:45:26.309514');
/*!40000 ALTER TABLE `django_session` ENABLE KEYS */;
UNLOCK TABLES;

--
-- Table structure for table `polls_choice`
--

DROP TABLE IF EXISTS `polls_choice`;
/*!40101 SET @saved_cs_client     = @@character_set_client */;
/*!40101 SET character_set_client = utf8 */;
CREATE TABLE `polls_choice` (
  `id` int(11) NOT NULL AUTO_INCREMENT,
  `choice_text` varchar(200) NOT NULL,
  `votes` int(11) NOT NULL,
  `question_id` int(11) NOT NULL,
  PRIMARY KEY (`id`),
  KEY `polls_choice_7aa0f6ee` (`question_id`),
  CONSTRAINT `polls_choice_question_id_c5b4b260_fk_polls_question_id` FOREIGN KEY (`question_id`) REFERENCES `polls_question` (`id`)
) ENGINE=InnoDB DEFAULT CHARSET=utf8;
/*!40101 SET character_set_client = @saved_cs_client */;

--
-- Dumping data for table `polls_choice`
--

LOCK TABLES `polls_choice` WRITE;
/*!40000 ALTER TABLE `polls_choice` DISABLE KEYS */;
/*!40000 ALTER TABLE `polls_choice` ENABLE KEYS */;
UNLOCK TABLES;

--
-- Table structure for table `polls_question`
--

DROP TABLE IF EXISTS `polls_question`;
/*!40101 SET @saved_cs_client     = @@character_set_client */;
/*!40101 SET character_set_client = utf8 */;
CREATE TABLE `polls_question` (
  `id` int(11) NOT NULL AUTO_INCREMENT,
  `question_text` varchar(200) NOT NULL,
  `pub_date` datetime(6) NOT NULL,
  PRIMARY KEY (`id`)
) ENGINE=InnoDB DEFAULT CHARSET=utf8;
/*!40101 SET character_set_client = @saved_cs_client */;

--
-- Dumping data for table `polls_question`
--

LOCK TABLES `polls_question` WRITE;
/*!40000 ALTER TABLE `polls_question` DISABLE KEYS */;
/*!40000 ALTER TABLE `polls_question` ENABLE KEYS */;
UNLOCK TABLES;

--
-- Table structure for table `zillions_bckgrnd_clcs`
--

DROP TABLE IF EXISTS `zillions_bckgrnd_clcs`;
/*!40101 SET @saved_cs_client     = @@character_set_client */;
/*!40101 SET character_set_client = utf8 */;
CREATE TABLE `zillions_bckgrnd_clcs` (
  `id` int(11) NOT NULL AUTO_INCREMENT,
  `last_week_updated` int(11) NOT NULL,
  `date_updated` date NOT NULL,
  PRIMARY KEY (`id`)
) ENGINE=InnoDB DEFAULT CHARSET=utf8;
/*!40101 SET character_set_client = @saved_cs_client */;

--
-- Dumping data for table `zillions_bckgrnd_clcs`
--

LOCK TABLES `zillions_bckgrnd_clcs` WRITE;
/*!40000 ALTER TABLE `zillions_bckgrnd_clcs` DISABLE KEYS */;
/*!40000 ALTER TABLE `zillions_bckgrnd_clcs` ENABLE KEYS */;
UNLOCK TABLES;

--
-- Table structure for table `zillions_budget`
--

DROP TABLE IF EXISTS `zillions_budget`;
/*!40101 SET @saved_cs_client     = @@character_set_client */;
/*!40101 SET character_set_client = utf8 */;
CREATE TABLE `zillions_budget` (
  `id` int(11) NOT NULL AUTO_INCREMENT,
  `amount` decimal(7,2) NOT NULL,
  `ed_perc` decimal(5,2) NOT NULL,
  `time_period` varchar(2) NOT NULL,
  `secondary_category_id` int(11) NOT NULL,
  `user_id` int(11) NOT NULL,
  PRIMARY KEY (`id`),
  UNIQUE KEY `zillions_budget_user_id_26e569c4_uniq` (`user_id`,`secondary_category_id`),
  KEY `zillions_budget_33d25894` (`secondary_category_id`),
  KEY `zillions_budget_e8701ad4` (`user_id`),
  CONSTRAINT `D89cc86a18986d6244d971a086aa1249` FOREIGN KEY (`secondary_category_id`) REFERENCES `zillions_secondary_category` (`id`),
  CONSTRAINT `zillions_budget_user_id_5678c99e_fk_zillions_rockleton_id` FOREIGN KEY (`user_id`) REFERENCES `zillions_rockleton` (`id`)
) ENGINE=InnoDB DEFAULT CHARSET=utf8;
/*!40101 SET character_set_client = @saved_cs_client */;

--
-- Dumping data for table `zillions_budget`
--

LOCK TABLES `zillions_budget` WRITE;
/*!40000 ALTER TABLE `zillions_budget` DISABLE KEYS */;
/*!40000 ALTER TABLE `zillions_budget` ENABLE KEYS */;
UNLOCK TABLES;

--
-- Table structure for table `zillions_primary_category`
--

DROP TABLE IF EXISTS `zillions_primary_category`;
/*!40101 SET @saved_cs_client     = @@character_set_client */;
/*!40101 SET character_set_client = utf8 */;
CREATE TABLE `zillions_primary_category` (
  `id` int(11) NOT NULL AUTO_INCREMENT,
  `name` varchar(30) NOT NULL,
  `category_id` int(11) NOT NULL,
  PRIMARY KEY (`id`),
  KEY `zillions_primary_category_b583a629` (`category_id`),
  CONSTRAINT `zill_category_id_77f7758f_fk_zillions_primary_category_bucket_id` FOREIGN KEY (`category_id`) REFERENCES `zillions_primary_category_bucket` (`id`)
) ENGINE=InnoDB DEFAULT CHARSET=utf8;
/*!40101 SET character_set_client = @saved_cs_client */;

--
-- Dumping data for table `zillions_primary_category`
--

LOCK TABLES `zillions_primary_category` WRITE;
/*!40000 ALTER TABLE `zillions_primary_category` DISABLE KEYS */;
/*!40000 ALTER TABLE `zillions_primary_category` ENABLE KEYS */;
UNLOCK TABLES;

--
-- Table structure for table `zillions_primary_category_bucket`
--

DROP TABLE IF EXISTS `zillions_primary_category_bucket`;
/*!40101 SET @saved_cs_client     = @@character_set_client */;
/*!40101 SET character_set_client = utf8 */;
CREATE TABLE `zillions_primary_category_bucket` (
  `id` int(11) NOT NULL AUTO_INCREMENT,
  `name` varchar(15) NOT NULL,
  PRIMARY KEY (`id`)
) ENGINE=InnoDB DEFAULT CHARSET=utf8;
/*!40101 SET character_set_client = @saved_cs_client */;

--
-- Dumping data for table `zillions_primary_category_bucket`
--

LOCK TABLES `zillions_primary_category_bucket` WRITE;
/*!40000 ALTER TABLE `zillions_primary_category_bucket` DISABLE KEYS */;
/*!40000 ALTER TABLE `zillions_primary_category_bucket` ENABLE KEYS */;
UNLOCK TABLES;

--
-- Table structure for table `zillions_rockleton`
--

DROP TABLE IF EXISTS `zillions_rockleton`;
/*!40101 SET @saved_cs_client     = @@character_set_client */;
/*!40101 SET character_set_client = utf8 */;
CREATE TABLE `zillions_rockleton` (
  `id` int(11) NOT NULL AUTO_INCREMENT,
  `date_of_birth` date NOT NULL,
  `user_id` int(11) NOT NULL,
  PRIMARY KEY (`id`),
  UNIQUE KEY `user_id` (`user_id`),
  CONSTRAINT `zillions_rockleton_user_id_d8fc5f9b_fk_auth_user_id` FOREIGN KEY (`user_id`) REFERENCES `auth_user` (`id`)
) ENGINE=InnoDB DEFAULT CHARSET=utf8;
/*!40101 SET character_set_client = @saved_cs_client */;

--
-- Dumping data for table `zillions_rockleton`
--

LOCK TABLES `zillions_rockleton` WRITE;
/*!40000 ALTER TABLE `zillions_rockleton` DISABLE KEYS */;
/*!40000 ALTER TABLE `zillions_rockleton` ENABLE KEYS */;
UNLOCK TABLES;

--
-- Table structure for table `zillions_secondary_category`
--

DROP TABLE IF EXISTS `zillions_secondary_category`;
/*!40101 SET @saved_cs_client     = @@character_set_client */;
/*!40101 SET character_set_client = utf8 */;
CREATE TABLE `zillions_secondary_category` (
  `id` int(11) NOT NULL AUTO_INCREMENT,
  `name` varchar(30) NOT NULL,
  `primary_category_id` int(11) NOT NULL,
  PRIMARY KEY (`id`),
  KEY `zil_primary_category_id_358f1836_fk_zillions_primary_category_id` (`primary_category_id`),
  CONSTRAINT `zil_primary_category_id_358f1836_fk_zillions_primary_category_id` FOREIGN KEY (`primary_category_id`) REFERENCES `zillions_primary_category` (`id`)
) ENGINE=InnoDB DEFAULT CHARSET=utf8;
/*!40101 SET character_set_client = @saved_cs_client */;

--
-- Dumping data for table `zillions_secondary_category`
--

LOCK TABLES `zillions_secondary_category` WRITE;
/*!40000 ALTER TABLE `zillions_secondary_category` DISABLE KEYS */;
/*!40000 ALTER TABLE `zillions_secondary_category` ENABLE KEYS */;
UNLOCK TABLES;

--
-- Table structure for table `zillions_source`
--

DROP TABLE IF EXISTS `zillions_source`;
/*!40101 SET @saved_cs_client     = @@character_set_client */;
/*!40101 SET character_set_client = utf8 */;
CREATE TABLE `zillions_source` (
  `id` int(11) NOT NULL AUTO_INCREMENT,
  `name` varchar(20) NOT NULL,
  `category_id` int(11) NOT NULL,
  PRIMARY KEY (`id`),
  KEY `zillions_source_b583a629` (`category_id`),
  CONSTRAINT `zillions_sou_category_id_8986cf1f_fk_zillions_source_category_id` FOREIGN KEY (`category_id`) REFERENCES `zillions_source_category` (`id`)
) ENGINE=InnoDB DEFAULT CHARSET=utf8;
/*!40101 SET character_set_client = @saved_cs_client */;

--
-- Dumping data for table `zillions_source`
--

LOCK TABLES `zillions_source` WRITE;
/*!40000 ALTER TABLE `zillions_source` DISABLE KEYS */;
/*!40000 ALTER TABLE `zillions_source` ENABLE KEYS */;
UNLOCK TABLES;

--
-- Table structure for table `zillions_source_category`
--

DROP TABLE IF EXISTS `zillions_source_category`;
/*!40101 SET @saved_cs_client     = @@character_set_client */;
/*!40101 SET character_set_client = utf8 */;
CREATE TABLE `zillions_source_category` (
  `id` int(11) NOT NULL AUTO_INCREMENT,
  `name` varchar(15) NOT NULL,
  PRIMARY KEY (`id`)
) ENGINE=InnoDB DEFAULT CHARSET=utf8;
/*!40101 SET character_set_client = @saved_cs_client */;

--
-- Dumping data for table `zillions_source_category`
--

LOCK TABLES `zillions_source_category` WRITE;
/*!40000 ALTER TABLE `zillions_source_category` DISABLE KEYS */;
/*!40000 ALTER TABLE `zillions_source_category` ENABLE KEYS */;
UNLOCK TABLES;

--
-- Table structure for table `zillions_transaction`
--

DROP TABLE IF EXISTS `zillions_transaction`;
/*!40101 SET @saved_cs_client     = @@character_set_client */;
/*!40101 SET character_set_client = utf8 */;
CREATE TABLE `zillions_transaction` (
  `id` int(11) NOT NULL AUTO_INCREMENT,
  `transaction_date` date NOT NULL,
  `description` varchar(60) NOT NULL,
  `original_description` varchar(170) DEFAULT NULL,
  `amount` decimal(9,4) NOT NULL,
  `transaction_type` int(11) NOT NULL,
  `ed_perc` decimal(5,2) NOT NULL,
  `notes` longtext NOT NULL,
  `alias` varchar(60) NOT NULL,
  `mint_import` tinyint(1) NOT NULL,
  `internal_transfer` tinyint(1) NOT NULL,
  `flagged` tinyint(1) NOT NULL,
  `secondary_category_id` int(11) NOT NULL,
  `source_id` int(11) NOT NULL,
  PRIMARY KEY (`id`),
  KEY `eca495a18c13ff61e49bd97db3dfe690` (`secondary_category_id`),
  KEY `zillions_transaction_source_id_7e1eab4d_fk_zillions_source_id` (`source_id`),
  CONSTRAINT `eca495a18c13ff61e49bd97db3dfe690` FOREIGN KEY (`secondary_category_id`) REFERENCES `zillions_secondary_category` (`id`),
  CONSTRAINT `zillions_transaction_source_id_7e1eab4d_fk_zillions_source_id` FOREIGN KEY (`source_id`) REFERENCES `zillions_source` (`id`)
) ENGINE=InnoDB DEFAULT CHARSET=utf8;
/*!40101 SET character_set_client = @saved_cs_client */;

--
-- Dumping data for table `zillions_transaction`
--

LOCK TABLES `zillions_transaction` WRITE;
/*!40000 ALTER TABLE `zillions_transaction` DISABLE KEYS */;
/*!40000 ALTER TABLE `zillions_transaction` ENABLE KEYS */;
UNLOCK TABLES;

--
-- Table structure for table `zillions_transaction_import`
--

DROP TABLE IF EXISTS `zillions_transaction_import`;
/*!40101 SET @saved_cs_client     = @@character_set_client */;
/*!40101 SET character_set_client = utf8 */;
CREATE TABLE `zillions_transaction_import` (
  `id` int(11) NOT NULL AUTO_INCREMENT,
  `transaction_date` date NOT NULL,
  `description` varchar(60) NOT NULL,
  `original_description` varchar(170) DEFAULT NULL,
  `amount` decimal(9,4) NOT NULL,
  `transaction_type` int(11) NOT NULL,
  `secondary_category` varchar(60) NOT NULL,
  `source` varchar(60) NOT NULL,
  PRIMARY KEY (`id`)
) ENGINE=InnoDB DEFAULT CHARSET=utf8;
/*!40101 SET character_set_client = @saved_cs_client */;

--
-- Dumping data for table `zillions_transaction_import`
--

LOCK TABLES `zillions_transaction_import` WRITE;
/*!40000 ALTER TABLE `zillions_transaction_import` DISABLE KEYS */;
/*!40000 ALTER TABLE `zillions_transaction_import` ENABLE KEYS */;
UNLOCK TABLES;
/*!40103 SET TIME_ZONE=@OLD_TIME_ZONE */;

/*!40101 SET SQL_MODE=@OLD_SQL_MODE */;
/*!40014 SET FOREIGN_KEY_CHECKS=@OLD_FOREIGN_KEY_CHECKS */;
/*!40014 SET UNIQUE_CHECKS=@OLD_UNIQUE_CHECKS */;
/*!40101 SET CHARACTER_SET_CLIENT=@OLD_CHARACTER_SET_CLIENT */;
/*!40101 SET CHARACTER_SET_RESULTS=@OLD_CHARACTER_SET_RESULTS */;
/*!40101 SET COLLATION_CONNECTION=@OLD_COLLATION_CONNECTION */;
/*!40111 SET SQL_NOTES=@OLD_SQL_NOTES */;

-- Dump completed on 2016-05-07 14:36:34
